CMSIS_AGDI.DLL - CMSIS-DAP Driver Log

19:21:13:193 (03/02/2023) - START SEQUENCE "InitTarget", "default" - ID 0
19:21:13:193 (03/02/2023) - START SEQUENCE "InitInternals", "default" - ID 1
19:21:13:193 (03/02/2023) - START SEQUENCE "InitDriver", "default" - ID 2
19:21:13:193 (03/02/2023) - END SEQUENCE "InitDriver", "success" - ID 3
19:21:13:193 (03/02/2023) - START SEQUENCE "InitDebugger", "default" - ID 4
19:21:13:206 (03/02/2023) - END SEQUENCE "InitDebugger", "success" - ID 5
19:21:13:206 (03/02/2023) - END SEQUENCE "InitInternals", "success" - ID 6
19:21:13:206 (03/02/2023) - START SEQUENCE "DebugPortSetup", "default" - ID 7
19:21:13:208 (03/02/2023) - END SEQUENCE "DebugPortSetup", "success" - ID 8
19:21:13:208 (03/02/2023) - START SEQUENCE "DebugGetDeviceList", "default" - ID 9
19:21:13:208 (03/02/2023) - END SEQUENCE "DebugGetDeviceList", "success" - ID 10
19:21:13:208 (03/02/2023) - START SEQUENCE "PDSCDebug_DebugGetDeviceNames", "default" - ID 11
19:21:13:208 (03/02/2023) - END SEQUENCE "PDSCDebug_DebugGetDeviceNames", "success" - ID 12
  19:21:13:208 (03/02/2023) - START SEQUENCE "DebugPortStart", "default" - ID 13
  19:21:13:209 (03/02/2023) - END SEQUENCE "DebugPortStart", "success" - ID 14
  19:21:13:210 (03/02/2023) - READ  AP  Access, AP 0x00000000, Addr 0x000000FC, Val 0x24770011, "SWD Read AP - Success" - ID 0
19:21:13:212 (03/02/2023) - START SEQUENCE "DebugReadDAPFeatures", "default" - ID 15
19:21:13:212 (03/02/2023) - START SEQUENCE "_EvalDPID", "default" - ID 16
19:21:13:212 (03/02/2023) - END SEQUENCE "_EvalDPID", "success" - ID 17
19:21:13:212 (03/02/2023) - WRITE DP  Access, Addr 0x00000008, Val 0x00000000, "DAP Write DP - Success" - ID 1
19:21:13:213 (03/02/2023) - WRITE AP  Access, AP 0x00000000, Addr 0x00000000, Val 0x23000052, "DAP Write AP - Success" - ID 2
19:21:13:213 (03/02/2023) - END SEQUENCE "DebugReadDAPFeatures", "success" - ID 18
19:21:13:213 (03/02/2023) - START SEQUENCE "DebugDeviceUnlock", "calling sequence" - ID 19
19:21:13:213 (03/02/2023) - READ  AP  Access, AP 0x00000000, Addr 0x000000F8, Val 0xE00FF003, "DAP Read AP - Success" - ID 3
19:21:13:214 (03/02/2023) - READ  MEM BLOCK Access, AP 0x00000000, Start Addr 0xE00FFFE4, End Addr 0xE00FFFE7, "DAP Read Memory Block (32-bit accesses) - Success" - ID 4
  Item #0, AP 0, Addr 0xE00FFFE4, Value 0x00000004
19:21:13:215 (03/02/2023) - READ  MEM BLOCK Access, AP 0x00000000, Start Addr 0xE00FFFE8, End Addr 0xE00FFFEB, "DAP Read Memory Block (32-bit accesses) - Success" - ID 5
  Item #0, AP 0, Addr 0xE00FFFE8, Value 0x0000000A
19:21:13:215 (03/02/2023) - START SEQUENCE "DebugReadTargetFeatures", "default" - ID 20
19:21:13:215 (03/02/2023) - START SEQUENCE "DebugReadRomTable", "default" - ID 21
19:21:13:216 (03/02/2023) - READ  AP  Access, AP 0x00000000, Addr 0x000000F8, Val 0xE00FF003, "DAP Read AP - Success" - ID 6
19:21:13:217 (03/02/2023) - READ  MEM BLOCK Access, AP 0x00000000, Start Addr 0xE00FFFE4, End Addr 0xE00FFFE7, "DAP Read Memory Block (32-bit accesses) - Success" - ID 7
  Item #0, AP 0, Addr 0xE00FFFE4, Value 0x00000004
19:21:13:218 (03/02/2023) - READ  MEM BLOCK Access, AP 0x00000000, Start Addr 0xE00FFFE8, End Addr 0xE00FFFEB, "DAP Read Memory Block (32-bit accesses) - Success" - ID 8
  Item #0, AP 0, Addr 0xE00FFFE8, Value 0x0000000A
19:21:13:219 (03/02/2023) - READ  AP  Access, AP 0x00000000, Addr 0x000000F8, Val 0xE00FF003, "DAP Read AP - Success" - ID 9
19:21:13:220 (03/02/2023) - READ  MEM BLOCK Access, AP 0x00000000, Start Addr 0xE00FFFF0, End Addr 0xE00FFFFF, "DAP Read Memory Block - Success" - ID 10
  Item #0, AP 0, Addr 0xE00FFFF0, Value 0x0000000D
  Item #1, AP 0, Addr 0xE00FFFF4, Value 0x00000010
  Item #2, AP 0, Addr 0xE00FFFF8, Value 0x00000005
  Item #3, AP 0, Addr 0xE00FFFFC, Value 0x000000B1
19:21:13:221 (03/02/2023) - READ  MEM BLOCK Access, AP 0x00000000, Start Addr 0xE00FFFD0, End Addr 0xE00FFFEF, "DAP Read Memory Block - Success" - ID 11
  Item #0, AP 0, Addr 0xE00FFFD0, Value 0x00000000
  Item #1, AP 0, Addr 0xE00FFFD4, Value 0x00000000
  Item #2, AP 0, Addr 0xE00FFFD8, Value 0x00000000
  Item #3, AP 0, Addr 0xE00FFFDC, Value 0x00000000
  Item #4, AP 0, Addr 0xE00FFFE0, Value 0x00000011
  Item #5, AP 0, Addr 0xE00FFFE4, Value 0x00000004
  Item #6, AP 0, Addr 0xE00FFFE8, Value 0x0000000A
  Item #7, AP 0, Addr 0xE00FFFEC, Value 0x00000000
19:21:13:221 (03/02/2023) - ROM TABLE: Detected Unknown ROM Table at address 0xE00FF000 (PID 0x00000000000A0411, CID 0xB105100D)
19:21:13:221 (03/02/2023) - READ  MEM Access, AP 0x00000000, Addr 0xE00FF000, Val 0xFFF0F003, "DAP Read Memory (32 bit) - Success" - ID 12
19:21:13:222 (03/02/2023) - READ  MEM BLOCK Access, AP 0x00000000, Start Addr 0xE000EFF0, End Addr 0xE000EFFF, "DAP Read Memory Block - Success" - ID 13
  Item #0, AP 0, Addr 0xE000EFF0, Value 0x0000000D
  Item #1, AP 0, Addr 0xE000EFF4, Value 0x000000E0
  Item #2, AP 0, Addr 0xE000EFF8, Value 0x00000005
  Item #3, AP 0, Addr 0xE000EFFC, Value 0x000000B1
19:21:13:223 (03/02/2023) - READ  MEM BLOCK Access, AP 0x00000000, Start Addr 0xE000EFD0, End Addr 0xE000EFEF, "DAP Read Memory Block - Success" - ID 14
  Item #0, AP 0, Addr 0xE000EFD0, Value 0x00000004
  Item #1, AP 0, Addr 0xE000EFD4, Value 0x00000000
  Item #2, AP 0, Addr 0xE000EFD8, Value 0x00000000
  Item #3, AP 0, Addr 0xE000EFDC, Value 0x00000000
  Item #4, AP 0, Addr 0xE000EFE0, Value 0x0000000C
  Item #5, AP 0, Addr 0xE000EFE4, Value 0x000000B0
  Item #6, AP 0, Addr 0xE000EFE8, Value 0x0000000B
  Item #7, AP 0, Addr 0xE000EFEC, Value 0x00000000
19:21:13:223 (03/02/2023) - WRITE MEM Access, AP 0x00000000, Addr 0xE000EDFC, Val 0x01000000, "DAP Write Memory (32 bit) - Success" - ID 15
19:21:13:223 (03/02/2023) - ROM TABLE: Detected SCS (ARMv7-M with FP Extension) at address 0xE000E000 (PID 0x00000004000BB00C, CID 0xB105E00D)
19:21:13:224 (03/02/2023) - READ  MEM Access, AP 0x00000000, Addr 0xE00FF004, Val 0xFFF02003, "DAP Read Memory (32 bit) - Success" - ID 16
19:21:13:225 (03/02/2023) - READ  MEM BLOCK Access, AP 0x00000000, Start Addr 0xE0001FF0, End Addr 0xE0001FFF, "DAP Read Memory Block - Success" - ID 17
  Item #0, AP 0, Addr 0xE0001FF0, Value 0x0000000D
  Item #1, AP 0, Addr 0xE0001FF4, Value 0x000000E0
  Item #2, AP 0, Addr 0xE0001FF8, Value 0x00000005
  Item #3, AP 0, Addr 0xE0001FFC, Value 0x000000B1
19:21:13:225 (03/02/2023) - READ  MEM BLOCK Access, AP 0x00000000, Start Addr 0xE0001FD0, End Addr 0xE0001FEF, "DAP Read Memory Block - Success" - ID 18
  Item #0, AP 0, Addr 0xE0001FD0, Value 0x00000004
  Item #1, AP 0, Addr 0xE0001FD4, Value 0x00000000
  Item #2, AP 0, Addr 0xE0001FD8, Value 0x00000000
  Item #3, AP 0, Addr 0xE0001FDC, Value 0x00000000
  Item #4, AP 0, Addr 0xE0001FE0, Value 0x00000002
  Item #5, AP 0, Addr 0xE0001FE4, Value 0x000000B0
  Item #6, AP 0, Addr 0xE0001FE8, Value 0x0000003B
  Item #7, AP 0, Addr 0xE0001FEC, Value 0x00000000
19:21:13:226 (03/02/2023) - ROM TABLE: Detected DWT (ARMv7-M) at address 0xE0001000 (PID 0x00000004003BB002, CID 0xB105E00D)
19:21:13:226 (03/02/2023) - READ  MEM Access, AP 0x00000000, Addr 0xE00FF008, Val 0xFFF03003, "DAP Read Memory (32 bit) - Success" - ID 19
19:21:13:227 (03/02/2023) - READ  MEM BLOCK Access, AP 0x00000000, Start Addr 0xE0002FF0, End Addr 0xE0002FFF, "DAP Read Memory Block - Success" - ID 20
  Item #0, AP 0, Addr 0xE0002FF0, Value 0x0000000D
  Item #1, AP 0, Addr 0xE0002FF4, Value 0x000000E0
  Item #2, AP 0, Addr 0xE0002FF8, Value 0x00000005
  Item #3, AP 0, Addr 0xE0002FFC, Value 0x000000B1
19:21:13:228 (03/02/2023) - READ  MEM BLOCK Access, AP 0x00000000, Start Addr 0xE0002FD0, End Addr 0xE0002FEF, "DAP Read Memory Block - Success" - ID 21
  Item #0, AP 0, Addr 0xE0002FD0, Value 0x00000004
  Item #1, AP 0, Addr 0xE0002FD4, Value 0x00000000
  Item #2, AP 0, Addr 0xE0002FD8, Value 0x00000000
  Item #3, AP 0, Addr 0xE0002FDC, Value 0x00000000
  Item #4, AP 0, Addr 0xE0002FE0, Value 0x00000003
  Item #5, AP 0, Addr 0xE0002FE4, Value 0x000000B0
  Item #6, AP 0, Addr 0xE0002FE8, Value 0x0000002B
  Item #7, AP 0, Addr 0xE0002FEC, Value 0x00000000
19:21:13:228 (03/02/2023) - ROM TABLE: Detected FPB (ARMv7-M) at address 0xE0002000 (PID 0x00000004002BB003, CID 0xB105E00D)
19:21:13:228 (03/02/2023) - READ  MEM Access, AP 0x00000000, Addr 0xE00FF00C, Val 0xFFF01003, "DAP Read Memory (32 bit) - Success" - ID 22
19:21:13:229 (03/02/2023) - READ  MEM BLOCK Access, AP 0x00000000, Start Addr 0xE0000FF0, End Addr 0xE0000FFF, "DAP Read Memory Block - Success" - ID 23
  Item #0, AP 0, Addr 0xE0000FF0, Value 0x0000000D
  Item #1, AP 0, Addr 0xE0000FF4, Value 0x000000E0
  Item #2, AP 0, Addr 0xE0000FF8, Value 0x00000005
  Item #3, AP 0, Addr 0xE0000FFC, Value 0x000000B1
19:21:13:230 (03/02/2023) - READ  MEM BLOCK Access, AP 0x00000000, Start Addr 0xE0000FD0, End Addr 0xE0000FEF, "DAP Read Memory Block - Success" - ID 24
  Item #0, AP 0, Addr 0xE0000FD0, Value 0x00000004
  Item #1, AP 0, Addr 0xE0000FD4, Value 0x00000000
  Item #2, AP 0, Addr 0xE0000FD8, Value 0x00000000
  Item #3, AP 0, Addr 0xE0000FDC, Value 0x00000000
  Item #4, AP 0, Addr 0xE0000FE0, Value 0x00000001
  Item #5, AP 0, Addr 0xE0000FE4, Value 0x000000B0
  Item #6, AP 0, Addr 0xE0000FE8, Value 0x0000003B
  Item #7, AP 0, Addr 0xE0000FEC, Value 0x00000000
19:21:13:230 (03/02/2023) - ROM TABLE: Detected ITM (ARMv7-M) at address 0xE0000000 (PID 0x00000004003BB001, CID 0xB105E00D)
19:21:13:230 (03/02/2023) - READ  MEM Access, AP 0x00000000, Addr 0xE00FF010, Val 0xFFF41003, "DAP Read Memory (32 bit) - Success" - ID 25
19:21:13:231 (03/02/2023) - READ  MEM BLOCK Access, AP 0x00000000, Start Addr 0xE0040FF0, End Addr 0xE0040FFF, "DAP Read Memory Block - Success" - ID 26
  Item #0, AP 0, Addr 0xE0040FF0, Value 0x0000000D
  Item #1, AP 0, Addr 0xE0040FF4, Value 0x00000090
  Item #2, AP 0, Addr 0xE0040FF8, Value 0x00000005
  Item #3, AP 0, Addr 0xE0040FFC, Value 0x000000B1
19:21:13:232 (03/02/2023) - READ  MEM BLOCK Access, AP 0x00000000, Start Addr 0xE0040FD0, End Addr 0xE0040FEF, "DAP Read Memory Block - Success" - ID 27
  Item #0, AP 0, Addr 0xE0040FD0, Value 0x00000004
  Item #1, AP 0, Addr 0xE0040FD4, Value 0x00000000
  Item #2, AP 0, Addr 0xE0040FD8, Value 0x00000000
  Item #3, AP 0, Addr 0xE0040FDC, Value 0x00000000
  Item #4, AP 0, Addr 0xE0040FE0, Value 0x000000A1
  Item #5, AP 0, Addr 0xE0040FE4, Value 0x000000B9
  Item #6, AP 0, Addr 0xE0040FE8, Value 0x0000000B
  Item #7, AP 0, Addr 0xE0040FEC, Value 0x00000000
19:21:13:232 (03/02/2023) - ROM TABLE: Detected TPIU (Cortex-M4) at address 0xE0040000 (PID 0x00000004000BB9A1, CID 0xB105900D)
19:21:13:232 (03/02/2023) - READ  MEM Access, AP 0x00000000, Addr 0xE00FF014, Val 0xFFF42003, "DAP Read Memory (32 bit) - Success" - ID 28
19:21:13:233 (03/02/2023) - READ  MEM BLOCK Access, AP 0x00000000, Start Addr 0xE0041FF0, End Addr 0xE0041FFF, "DAP Read Memory Block - Success" - ID 29
  Item #0, AP 0, Addr 0xE0041FF0, Value 0x0000000D
  Item #1, AP 0, Addr 0xE0041FF4, Value 0x00000090
  Item #2, AP 0, Addr 0xE0041FF8, Value 0x00000005
  Item #3, AP 0, Addr 0xE0041FFC, Value 0x000000B1
19:21:13:234 (03/02/2023) - READ  MEM BLOCK Access, AP 0x00000000, Start Addr 0xE0041FD0, End Addr 0xE0041FEF, "DAP Read Memory Block - Success" - ID 30
  Item #0, AP 0, Addr 0xE0041FD0, Value 0x00000004
  Item #1, AP 0, Addr 0xE0041FD4, Value 0x00000000
  Item #2, AP 0, Addr 0xE0041FD8, Value 0x00000000
  Item #3, AP 0, Addr 0xE0041FDC, Value 0x00000000
  Item #4, AP 0, Addr 0xE0041FE0, Value 0x00000025
  Item #5, AP 0, Addr 0xE0041FE4, Value 0x000000B9
  Item #6, AP 0, Addr 0xE0041FE8, Value 0x0000000B
  Item #7, AP 0, Addr 0xE0041FEC, Value 0x00000000
19:21:13:234 (03/02/2023) - ROM TABLE: Detected ETM (Cortex-M4) at address 0xE0041000 (PID 0x00000004000BB925, CID 0xB105900D)
19:21:13:235 (03/02/2023) - READ  MEM Access, AP 0x00000000, Addr 0xE00FF018, Val 0x00000000, "DAP Read Memory (32 bit) - Success" - ID 31
19:21:13:235 (03/02/2023) - END SEQUENCE "DebugReadRomTable", "success" - ID 22
19:21:13:235 (03/02/2023) - START SEQUENCE "_EvalCPUID", "default" - ID 23
19:21:13:235 (03/02/2023) - READ  MEM Access, AP 0x00000000, Addr 0xE000ED00, Val 0x410FC241, "DAP Read Memory (32 bit) - Success" - ID 32
19:21:13:235 (03/02/2023) - READ  MEM Access, AP 0x00000000, Addr 0xE000EF40, Val 0x10110021, "DAP Read Memory (32 bit) - Success" - ID 33
19:21:13:236 (03/02/2023) - READ  MEM Access, AP 0x00000000, Addr 0xE000EF44, Val 0x11000011, "DAP Read Memory (32 bit) - Success" - ID 34
19:21:13:236 (03/02/2023) - END SEQUENCE "_EvalCPUID", "success" - ID 24
19:21:13:236 (03/02/2023) - READ  DP  Access, Addr 0x00000004, Val 0xF0000F40, "DAP Read DP - Success" - ID 35
19:21:13:236 (03/02/2023) - END SEQUENCE "DebugReadTargetFeatures", "success" - ID 25
19:21:13:236 (03/02/2023) - START SEQUENCE "DebugCoreStart", "calling sequence" - ID 26
19:21:13:237 (03/02/2023) - WRITE MEM BLOCK Access, AP 0x00000000, Start Addr 0xE000EDF0, End Addr 0xE000EDF3, "DAP Write Memory Block (32-bit accesses) - Success" - ID 36
  Item #0, AP 0, Addr 0xE000EDF0, Value 0xA05F0001
19:21:13:238 (03/02/2023) - WRITE MEM BLOCK Access, AP 0x00000000, Start Addr 0xE0042004, End Addr 0xE0042007, "DAP Write Memory Block (32-bit accesses) - Success" - ID 37
  Item #0, AP 0, Addr 0xE0042004, Value 0x00000007
19:21:13:238 (03/02/2023) - WRITE MEM BLOCK Access, AP 0x00000000, Start Addr 0xE0042008, End Addr 0xE004200B, "DAP Write Memory Block (32-bit accesses) - Success" - ID 38
  Item #0, AP 0, Addr 0xE0042008, Value 0x00000000
19:21:13:239 (03/02/2023) - WRITE MEM BLOCK Access, AP 0x00000000, Start Addr 0xE004200C, End Addr 0xE004200F, "DAP Write Memory Block (32-bit accesses) - Success" - ID 39
  Item #0, AP 0, Addr 0xE004200C, Value 0x00000000
19:21:13:239 (03/02/2023) - END SEQUENCE "DebugCoreStart", "success" - ID 27
19:21:13:240 (03/02/2023) - WRITE MEM Access, AP 0x00000000, Addr 0xE000EDF0, Val 0xA05F0003, "DAP Write Memory (32 bit) - Success" - ID 40
19:21:13:240 (03/02/2023) - START SEQUENCE "_WaitForStop", "default" - ID 28
19:21:13:240 (03/02/2023) - READ  MEM Access, AP 0x00000000, Addr 0xE000EDF0, Val 0x01030003, "DAP Read Memory (32 bit) - Success" - ID 41
19:21:13:240 (03/02/2023) - END SEQUENCE "_WaitForStop", "success" - ID 29
19:21:13:240 (03/02/2023) - WRITE MEM Access, AP 0x00000000, Addr 0xE000EDF0, Val 0xA05F0003, "DAP Write Memory (32 bit) - Success" - ID 42
19:21:13:240 (03/02/2023) - START SEQUENCE "_InitDebugComponents", "default" - ID 30
19:21:13:241 (03/02/2023) - READ  MEM Access, AP 0x00000000, Addr 0xE000EDFC, Val 0x01000000, "DAP Read Memory (32 bit) - Success" - ID 43
19:21:13:241 (03/02/2023) - READ  MEM Access, AP 0x00000000, Addr 0xE0002000, Val 0x00000260, "DAP Read Memory (32 bit) - Success" - ID 44
19:21:13:242 (03/02/2023) - READ  MEM Access, AP 0x00000000, Addr 0xE0001000, Val 0x40000001, "DAP Read Memory (32 bit) - Success" - ID 45
19:21:13:242 (03/02/2023) - WRITE MEM Access, AP 0x00000000, Addr 0xE0001024, Val 0x0000001F, "DAP Write Memory (32 bit) - Success" - ID 46
19:21:13:242 (03/02/2023) - READ  MEM Access, AP 0x00000000, Addr 0xE0001024, Val 0x0000000F, "DAP Read Memory (32 bit) - Success" - ID 47
19:21:13:243 (03/02/2023) - WRITE MEM Access, AP 0x00000000, Addr 0xE0001024, Val 0x00000000, "DAP Write Memory (32 bit) - Success" - ID 48
19:21:13:243 (03/02/2023) - WRITE MEM Access, AP 0x00000000, Addr 0xE0001028, Val 0x00000100, "DAP Write Memory (32 bit) - Success" - ID 49
19:21:13:243 (03/02/2023) - READ  MEM Access, AP 0x00000000, Addr 0xE0001028, Val 0x00000000, "DAP Read Memory (32 bit) - Success" - ID 50
19:21:13:244 (03/02/2023) - WRITE MEM Access, AP 0x00000000, Addr 0xE0001028, Val 0x00000080, "DAP Write Memory (32 bit) - Success" - ID 51
19:21:13:244 (03/02/2023) - READ  MEM Access, AP 0x00000000, Addr 0xE0001028, Val 0x00000080, "DAP Read Memory (32 bit) - Success" - ID 52
19:21:13:244 (03/02/2023) - WRITE MEM Access, AP 0x00000000, Addr 0xE0001028, Val 0x00000000, "DAP Write Memory (32 bit) - Success" - ID 53
19:21:13:245 (03/02/2023) - WRITE MEM Access, AP 0x00000000, Addr 0xE0001038, Val 0x00000100, "DAP Write Memory (32 bit) - Success" - ID 54
19:21:13:245 (03/02/2023) - READ  MEM Access, AP 0x00000000, Addr 0xE0001038, Val 0x00000300, "DAP Read Memory (32 bit) - Success" - ID 55
19:21:13:245 (03/02/2023) - WRITE MEM Access, AP 0x00000000, Addr 0xE0001038, Val 0x00000080, "DAP Write Memory (32 bit) - Success" - ID 56
19:21:13:246 (03/02/2023) - READ  MEM Access, AP 0x00000000, Addr 0xE0001038, Val 0x00000200, "DAP Read Memory (32 bit) - Success" - ID 57
19:21:13:246 (03/02/2023) - WRITE MEM Access, AP 0x00000000, Addr 0xE0001038, Val 0x00000000, "DAP Write Memory (32 bit) - Success" - ID 58
19:21:13:246 (03/02/2023) - WRITE MEM Access, AP 0x00000000, Addr 0xE0001048, Val 0x00000100, "DAP Write Memory (32 bit) - Success" - ID 59
19:21:13:247 (03/02/2023) - READ  MEM Access, AP 0x00000000, Addr 0xE0001048, Val 0x00000000, "DAP Read Memory (32 bit) - Success" - ID 60
19:21:13:247 (03/02/2023) - WRITE MEM Access, AP 0x00000000, Addr 0xE0001048, Val 0x00000080, "DAP Write Memory (32 bit) - Success" - ID 61
19:21:13:248 (03/02/2023) - READ  MEM Access, AP 0x00000000, Addr 0xE0001048, Val 0x00000000, "DAP Read Memory (32 bit) - Success" - ID 62
19:21:13:248 (03/02/2023) - WRITE MEM Access, AP 0x00000000, Addr 0xE0001048, Val 0x00000000, "DAP Write Memory (32 bit) - Success" - ID 63
19:21:13:248 (03/02/2023) - WRITE MEM Access, AP 0x00000000, Addr 0xE0001058, Val 0x00000100, "DAP Write Memory (32 bit) - Success" - ID 64
19:21:13:249 (03/02/2023) - READ  MEM Access, AP 0x00000000, Addr 0xE0001058, Val 0x00000000, "DAP Read Memory (32 bit) - Success" - ID 65
19:21:13:249 (03/02/2023) - WRITE MEM Access, AP 0x00000000, Addr 0xE0001058, Val 0x00000080, "DAP Write Memory (32 bit) - Success" - ID 66
19:21:13:249 (03/02/2023) - READ  MEM Access, AP 0x00000000, Addr 0xE0001058, Val 0x00000000, "DAP Read Memory (32 bit) - Success" - ID 67
19:21:13:250 (03/02/2023) - WRITE MEM Access, AP 0x00000000, Addr 0xE0001058, Val 0x00000000, "DAP Write Memory (32 bit) - Success" - ID 68
19:21:13:250 (03/02/2023) - WRITE MEM Access, AP 0x00000000, Addr 0xE0002000, Val 0x00000002, "DAP Write Memory (32 bit) - Success" - ID 69
19:21:13:251 (03/02/2023) - WRITE MEM Access, AP 0x00000000, Addr 0xE0001028, Val 0x00000000, "DAP Write Memory (32 bit) - Success" - ID 70
19:21:13:251 (03/02/2023) - WRITE MEM Access, AP 0x00000000, Addr 0xE0001038, Val 0x00000000, "DAP Write Memory (32 bit) - Success" - ID 71
19:21:13:251 (03/02/2023) - WRITE MEM Access, AP 0x00000000, Addr 0xE0001048, Val 0x00000000, "DAP Write Memory (32 bit) - Success" - ID 72
19:21:13:252 (03/02/2023) - WRITE MEM Access, AP 0x00000000, Addr 0xE0001058, Val 0x00000000, "DAP Write Memory (32 bit) - Success" - ID 73
19:21:13:252 (03/02/2023) - READ  MEM Access, AP 0x00000000, Addr 0xE000E004, Val 0x00000002, "DAP Read Memory (32 bit) - Success" - ID 74
19:21:13:253 (03/02/2023) - WRITE MEM BLOCK Access, AP 0x00000000, Start Addr 0xE0001000, End Addr 0xE000101B, "DAP Write Memory Block - Success" - ID 75
  Item #0, AP 0, Addr 0xE0001000, Value 0x00000001
  Item #1, AP 0, Addr 0xE0001004, Value 0x00000000
  Item #2, AP 0, Addr 0xE0001008, Value 0x00000000
  Item #3, AP 0, Addr 0xE000100C, Value 0x00000000
  Item #4, AP 0, Addr 0xE0001010, Value 0x00000000
  Item #5, AP 0, Addr 0xE0001014, Value 0x00000000
  Item #6, AP 0, Addr 0xE0001018, Value 0x00000000
19:21:13:253 (03/02/2023) - END SEQUENCE "_InitDebugComponents", "success" - ID 31
19:21:13:255 (03/02/2023) - START SEQUENCE "_InitTrace", "default" - ID 32
19:21:13:255 (03/02/2023) - END SEQUENCE "_InitTrace", "success" - ID 33
19:21:13:255 (03/02/2023) - END SEQUENCE "InitTarget", "success" - ID 34
19:21:13:255 (03/02/2023) - START SEQUENCE "ResetCatchSet", "default" - ID 35
19:21:13:255 (03/02/2023) - WRITE MEM Access, AP 0x00000000, Addr 0xE000EDFC, Val 0x00000001, "DAP Write Memory (32 bit) - Success" - ID 76
19:21:13:256 (03/02/2023) - READ  MEM Access, AP 0x00000000, Addr 0xE000EDF0, Val 0x00030003, "DAP Read Memory (32 bit) - Success" - ID 77
19:21:13:256 (03/02/2023) - END SEQUENCE "ResetCatchSet", "success" - ID 36
19:21:13:256 (03/02/2023) - START SEQUENCE "ResetSystem", "default" - ID 37
19:21:13:256 (03/02/2023) - WRITE MEM Access, AP 0x00000000, Addr 0xE000ED0C, Val 0x05FA0004, "DAP Write Memory (32 bit) - Success" - ID 78
19:21:13:256 (03/02/2023) - START SEQUENCE "_ResetRecovery", "default" - ID 38
19:21:13:256 (03/02/2023) - READ  MEM Access, AP 0x00000000, Addr 0xE000EDF0, Val 0x02010001, "DAP Read Memory (32 bit) - Success" - ID 79
19:21:13:257 (03/02/2023) - READ  MEM Access, AP 0x00000000, Addr 0xE000EDF0, Val 0x02010001, "DAP Read Memory (32 bit) - Success" - ID 80
19:21:13:257 (03/02/2023) - READ  MEM Access, AP 0x00000000, Addr 0xE000EDF0, Val 0x02010001, "DAP Read Memory (32 bit) - Success" - ID 81
19:21:13:257 (03/02/2023) - READ  MEM Access, AP 0x00000000, Addr 0xE000EDF0, Val 0x02010001, "DAP Read Memory (32 bit) - Success" - ID 82
19:21:13:258 (03/02/2023) - READ  MEM Access, AP 0x00000000, Addr 0xE000EDF0, Val 0x02010001, "DAP Read Memory (32 bit) - Success" - ID 83
19:21:13:258 (03/02/2023) - READ  MEM Access, AP 0x00000000, Addr 0xE000EDF0, Val 0x02010001, "DAP Read Memory (32 bit) - Success" - ID 84
19:21:13:258 (03/02/2023) - READ  MEM Access, AP 0x00000000, Addr 0xE000EDF0, Val 0x02010001, "DAP Read Memory (32 bit) - Success" - ID 85
19:21:13:259 (03/02/2023) - READ  MEM Access, AP 0x00000000, Addr 0xE000EDF0, Val 0x02010001, "DAP Read Memory (32 bit) - Success" - ID 86
19:21:13:259 (03/02/2023) - READ  MEM Access, AP 0x00000000, Addr 0xE000EDF0, Val 0x02010001, "DAP Read Memory (32 bit) - Success" - ID 87
19:21:13:259 (03/02/2023) - READ  MEM Access, AP 0x00000000, Addr 0xE000EDF0, Val 0x02010001, "DAP Read Memory (32 bit) - Success" - ID 88
19:21:13:259 (03/02/2023) - READ  MEM Access, AP 0x00000000, Addr 0xE000EDF0, Val 0x02010001, "DAP Read Memory (32 bit) - Success" - ID 89
19:21:13:260 (03/02/2023) - READ  MEM Access, AP 0x00000000, Addr 0xE000EDF0, Val 0x02010001, "DAP Read Memory (32 bit) - Success" - ID 90
19:21:13:260 (03/02/2023) - READ  MEM Access, AP 0x00000000, Addr 0xE000EDF0, Val 0x02010001, "DAP Read Memory (32 bit) - Success" - ID 91
19:21:13:260 (03/02/2023) - READ  MEM Access, AP 0x00000000, Addr 0xE000EDF0, Val 0x02030003, "DAP Read Memory (32 bit) - Success" - ID 92
19:21:13:261 (03/02/2023) - READ  MEM Access, AP 0x00000000, Addr 0xE000EDF0, Val 0x00030003, "DAP Read Memory (32 bit) - Success" - ID 93
  19:21:13:262 (03/02/2023) - END SEQUENCE "_ResetRecovery", "success" - ID 39
  19:21:13:262 (03/02/2023) - END SEQUENCE "ResetSystem", "success" - ID 40
19:21:13:262 (03/02/2023) - READ  MEM Access, AP 0x00000000, Addr 0xE000EDF0, Val 0x00030003, "DAP Read Memory (32 bit) - Success" - ID 94
19:21:13:310 (03/02/2023) - READ  MEM Access, AP 0x00000000, Addr 0xE000EDF0, Val 0x00030003, "DAP Read Memory (32 bit) - Success" - ID 95
19:21:13:310 (03/02/2023) - START SEQUENCE "_WaitForStop", "default" - ID 41
19:21:13:310 (03/02/2023) - READ  MEM Access, AP 0x00000000, Addr 0xE000EDF0, Val 0x00030003, "DAP Read Memory (32 bit) - Success" - ID 96
  19:21:13:310 (03/02/2023) - END SEQUENCE "_WaitForStop", "success" - ID 42
  19:21:13:310 (03/02/2023) - START SEQUENCE "ResetCatchClear", "default" - ID 43
19:21:13:310 (03/02/2023) - READ  MEM Access, AP 0x00000000, Addr 0xE000EDFC, Val 0x00000001, "DAP Read Memory (32 bit) - Success" - ID 97
19:21:13:311 (03/02/2023) - WRITE MEM Access, AP 0x00000000, Addr 0xE000EDFC, Val 0x00000000, "DAP Write Memory (32 bit) - Success" - ID 98
19:21:13:311 (03/02/2023) - END SEQUENCE "ResetCatchClear", "success" - ID 44
19:21:13:311 (03/02/2023) - READ  MEM Access, AP 0x00000000, Addr 0xE000EDFC, Val 0x00000000, "DAP Read Memory (32 bit) - Success" - ID 99
19:21:13:311 (03/02/2023) - WRITE MEM Access, AP 0x00000000, Addr 0xE000EDFC, Val 0x01000000, "DAP Write Memory (32 bit) - Success" - ID 100
19:21:13:329 (03/02/2023) - READ  MEM BLOCK Access, AP 0x00000000, Start Addr 0xE0001004, End Addr 0xE0001007, "DAP Read Memory Block - Success" - ID 101
  Item #0, AP 0, Addr 0xE0001004, Value 0x00000000
19:21:13:331 (03/02/2023) - READ  MEM Access, AP 0x00000000, Addr 0xE000EDF0, Val 0x00030003, "DAP Read Memory (32 bit) - Success" - ID 102
19:21:13:840 (03/02/2023) - READ  MEM Access, AP 0x00000000, Addr 0xE000EDF0, Val 0x00030003, "DAP Read Memory (32 bit) - Success" - ID 103
19:21:13:932 (03/02/2023) - START SEQUENCE "ResetCatchSet", "default" - ID 45
19:21:13:933 (03/02/2023) - WRITE MEM Access, AP 0x00000000, Addr 0xE000EDFC, Val 0x00000001, "DAP Write Memory (32 bit) - Success" - ID 104
19:21:13:933 (03/02/2023) - READ  MEM Access, AP 0x00000000, Addr 0xE000EDF0, Val 0x00030003, "DAP Read Memory (32 bit) - Success" - ID 105
19:21:13:933 (03/02/2023) - END SEQUENCE "ResetCatchSet", "success" - ID 46
19:21:13:936 (03/02/2023) - START SEQUENCE "ResetSystem", "default" - ID 47
19:21:13:937 (03/02/2023) - WRITE MEM Access, AP 0x00000000, Addr 0xE000ED0C, Val 0x05FA0004, "DAP Write Memory (32 bit) - Success" - ID 106
19:21:13:937 (03/02/2023) - START SEQUENCE "_ResetRecovery", "default" - ID 48
19:21:13:937 (03/02/2023) - READ  MEM Access, AP 0x00000000, Addr 0xE000EDF0, Val 0x02010001, "DAP Read Memory (32 bit) - Success" - ID 107
19:21:13:937 (03/02/2023) - READ  MEM Access, AP 0x00000000, Addr 0xE000EDF0, Val 0x02010001, "DAP Read Memory (32 bit) - Success" - ID 108
19:21:13:938 (03/02/2023) - READ  MEM Access, AP 0x00000000, Addr 0xE000EDF0, Val 0x02010001, "DAP Read Memory (32 bit) - Success" - ID 109
19:21:13:938 (03/02/2023) - READ  MEM Access, AP 0x00000000, Addr 0xE000EDF0, Val 0x02010001, "DAP Read Memory (32 bit) - Success" - ID 110
19:21:13:938 (03/02/2023) - READ  MEM Access, AP 0x00000000, Addr 0xE000EDF0, Val 0x02010001, "DAP Read Memory (32 bit) - Success" - ID 111
19:21:13:938 (03/02/2023) - READ  MEM Access, AP 0x00000000, Addr 0xE000EDF0, Val 0x02010001, "DAP Read Memory (32 bit) - Success" - ID 112
19:21:13:939 (03/02/2023) - READ  MEM Access, AP 0x00000000, Addr 0xE000EDF0, Val 0x02010001, "DAP Read Memory (32 bit) - Success" - ID 113
19:21:13:939 (03/02/2023) - READ  MEM Access, AP 0x00000000, Addr 0xE000EDF0, Val 0x02010001, "DAP Read Memory (32 bit) - Success" - ID 114
19:21:13:939 (03/02/2023) - READ  MEM Access, AP 0x00000000, Addr 0xE000EDF0, Val 0x02010001, "DAP Read Memory (32 bit) - Success" - ID 115
19:21:13:940 (03/02/2023) - READ  MEM Access, AP 0x00000000, Addr 0xE000EDF0, Val 0x02010001, "DAP Read Memory (32 bit) - Success" - ID 116
19:21:13:940 (03/02/2023) - READ  MEM Access, AP 0x00000000, Addr 0xE000EDF0, Val 0x02010001, "DAP Read Memory (32 bit) - Success" - ID 117
19:21:13:940 (03/02/2023) - READ  MEM Access, AP 0x00000000, Addr 0xE000EDF0, Val 0x02010001, "DAP Read Memory (32 bit) - Success" - ID 118
19:21:13:941 (03/02/2023) - READ  MEM Access, AP 0x00000000, Addr 0xE000EDF0, Val 0x02030003, "DAP Read Memory (32 bit) - Success" - ID 119
19:21:13:941 (03/02/2023) - READ  MEM Access, AP 0x00000000, Addr 0xE000EDF0, Val 0x00030003, "DAP Read Memory (32 bit) - Success" - ID 120
  19:21:13:942 (03/02/2023) - END SEQUENCE "_ResetRecovery", "success" - ID 49
  19:21:13:942 (03/02/2023) - END SEQUENCE "ResetSystem", "success" - ID 50
19:21:13:943 (03/02/2023) - READ  MEM Access, AP 0x00000000, Addr 0xE000EDF0, Val 0x00030003, "DAP Read Memory (32 bit) - Success" - ID 121
19:21:13:944 (03/02/2023) - READ  MEM Access, AP 0x00000000, Addr 0xE000EDF0, Val 0x00030003, "DAP Read Memory (32 bit) - Success" - ID 122
19:21:13:944 (03/02/2023) - START SEQUENCE "_WaitForStop", "default" - ID 51
19:21:13:944 (03/02/2023) - READ  MEM Access, AP 0x00000000, Addr 0xE000EDF0, Val 0x00030003, "DAP Read Memory (32 bit) - Success" - ID 123
  19:21:13:944 (03/02/2023) - END SEQUENCE "_WaitForStop", "success" - ID 52
  19:21:13:944 (03/02/2023) - START SEQUENCE "ResetCatchClear", "default" - ID 53
19:21:13:945 (03/02/2023) - READ  MEM Access, AP 0x00000000, Addr 0xE000EDFC, Val 0x00000001, "DAP Read Memory (32 bit) - Success" - ID 124
19:21:13:945 (03/02/2023) - WRITE MEM Access, AP 0x00000000, Addr 0xE000EDFC, Val 0x00000000, "DAP Write Memory (32 bit) - Success" - ID 125
19:21:13:945 (03/02/2023) - END SEQUENCE "ResetCatchClear", "success" - ID 54
19:21:13:945 (03/02/2023) - READ  MEM Access, AP 0x00000000, Addr 0xE000EDFC, Val 0x00000000, "DAP Read Memory (32 bit) - Success" - ID 126
19:21:13:946 (03/02/2023) - WRITE MEM Access, AP 0x00000000, Addr 0xE000EDFC, Val 0x01000000, "DAP Write Memory (32 bit) - Success" - ID 127
19:21:14:200 (03/02/2023) - WRITE MEM Access, AP 0x00000000, Addr 0xE0001008, Val 0x00000000, "DAP Write Memory (32 bit) - Success" - ID 128
19:21:14:201 (03/02/2023) - WRITE MEM Access, AP 0x00000000, Addr 0xE000100C, Val 0x00000000, "DAP Write Memory (32 bit) - Success" - ID 129
19:21:14:201 (03/02/2023) - WRITE MEM Access, AP 0x00000000, Addr 0xE0001010, Val 0x00000000, "DAP Write Memory (32 bit) - Success" - ID 130
19:21:14:202 (03/02/2023) - WRITE MEM Access, AP 0x00000000, Addr 0xE0001018, Val 0x00000000, "DAP Write Memory (32 bit) - Success" - ID 131
19:21:14:458 (03/02/2023) - READ  MEM Access, AP 0x00000000, Addr 0xE000EDF0, Val 0x00030003, "DAP Read Memory (32 bit) - Success" - ID 132
19:21:14:711 (03/02/2023) - READ  MEM Access, AP 0x00000000, Addr 0xE000EDF0, Val 0x00030003, "DAP Read Memory (32 bit) - Success" - ID 133
19:21:14:965 (03/02/2023) - READ  MEM Access, AP 0x00000000, Addr 0xE000EDF0, Val 0x00030003, "DAP Read Memory (32 bit) - Success" - ID 134
19:21:15:220 (03/02/2023) - READ  MEM Access, AP 0x00000000, Addr 0xE000EDF0, Val 0x00030003, "DAP Read Memory (32 bit) - Success" - ID 135
19:21:15:475 (03/02/2023) - READ  MEM Access, AP 0x00000000, Addr 0xE000EDF0, Val 0x00030003, "DAP Read Memory (32 bit) - Success" - ID 136
19:21:15:731 (03/02/2023) - READ  MEM Access, AP 0x00000000, Addr 0xE000EDF0, Val 0x00030003, "DAP Read Memory (32 bit) - Success" - ID 137
19:21:15:986 (03/02/2023) - READ  MEM Access, AP 0x00000000, Addr 0xE000EDF0, Val 0x00030003, "DAP Read Memory (32 bit) - Success" - ID 138
19:21:16:239 (03/02/2023) - READ  MEM Access, AP 0x00000000, Addr 0xE000EDF0, Val 0x00030003, "DAP Read Memory (32 bit) - Success" - ID 139
19:21:16:399 (03/02/2023) - READ  MEM BLOCK Access, AP 0x00000000, Start Addr 0x08000260, End Addr 0x0800029B, "DAP Read Memory Block - Success" - ID 140
  Item #0, AP 0, Addr 0x08000260, Value 0x47804806
  Item #1, AP 0, Addr 0x08000264, Value 0x47004806
  Item #2, AP 0, Addr 0x08000268, Value 0xE7FEE7FE
  Item #3, AP 0, Addr 0x0800026C, Value 0xE7FEE7FE
  Item #4, AP 0, Addr 0x08000270, Value 0xE7FEE7FE
  Item #5, AP 0, Addr 0x08000274, Value 0xE7FEE7FE
  Item #6, AP 0, Addr 0x08000278, Value 0xE7FEE7FE
  Item #7, AP 0, Addr 0x0800027C, Value 0x080096E9
  Item #8, AP 0, Addr 0x08000280, Value 0x08000189
  Item #9, AP 0, Addr 0x08000284, Value 0x1A1AED9F
  Item #10, AP 0, Addr 0x08000288, Value 0x0A00EEF5
  Item #11, AP 0, Addr 0x0800028C, Value 0x0A01EE40
  Item #12, AP 0, Addr 0x08000290, Value 0x0AE0EEBD
  Item #13, AP 0, Addr 0x08000294, Value 0x0AC0EEF5
  Item #14, AP 0, Addr 0x08000298, Value 0x0A10EE10
19:21:16:495 (03/02/2023) - READ  MEM Access, AP 0x00000000, Addr 0xE000EDF0, Val 0x00030003, "DAP Read Memory (32 bit) - Success" - ID 141
19:21:16:749 (03/02/2023) - READ  MEM Access, AP 0x00000000, Addr 0xE000EDF0, Val 0x00030003, "DAP Read Memory (32 bit) - Success" - ID 142
19:21:16:898 (03/02/2023) - READ  MEM BLOCK Access, AP 0x00000000, Start Addr 0x200003E0, End Addr 0x200003E3, "DAP Read Memory Block - Success" - ID 143
  Item #0, AP 0, Addr 0x200003E0, Value 0x000000C7
19:21:16:935 (03/02/2023) - READ  MEM BLOCK Access, AP 0x00000000, Start Addr 0x20000338, End Addr 0x2000033B, "DAP Read Memory Block - Success" - ID 144
  Item #0, AP 0, Addr 0x20000338, Value 0x00000000
19:21:16:985 (03/02/2023) - READ  MEM BLOCK Access, AP 0x00000000, Start Addr 0x200003BE, End Addr 0x200003BE, "DAP Read Memory Block - Success" - ID 145
  Item #0, AP 0, Addr 0x200003BE, Value 0x00
19:21:16:995 (03/02/2023) - READ  MEM BLOCK Access, AP 0x00000000, Start Addr 0x200003BF, End Addr 0x200003BF, "DAP Read Memory Block - Success" - ID 146
  Item #0, AP 0, Addr 0x200003BF, Value 0x00
19:21:17:003 (03/02/2023) - READ  MEM Access, AP 0x00000000, Addr 0xE000EDF0, Val 0x00030003, "DAP Read Memory (32 bit) - Success" - ID 147
19:21:17:193 (03/02/2023) - READ  MEM BLOCK Access, AP 0x00000000, Start Addr 0x2000419C, End Addr 0x200041BB, "DAP Read Memory Block - Success" - ID 148
  Item #0, AP 0, Addr 0x2000419C, Value 0x00000000
  Item #1, AP 0, Addr 0x200041A0, Value 0x00000000
  Item #2, AP 0, Addr 0x200041A4, Value 0x00000000
  Item #3, AP 0, Addr 0x200041A8, Value 0x00000000
  Item #4, AP 0, Addr 0x200041AC, Value 0x00000000
  Item #5, AP 0, Addr 0x200041B0, Value 0x00000000
  Item #6, AP 0, Addr 0x200041B4, Value 0x00000000
  Item #7, AP 0, Addr 0x200041B8, Value 0x00000000
19:21:17:246 (03/02/2023) - READ  MEM BLOCK Access, AP 0x00000000, Start Addr 0x200002ED, End Addr 0x200002ED, "DAP Read Memory Block - Success" - ID 149
  Item #0, AP 0, Addr 0x200002ED, Value 0x00
19:21:17:258 (03/02/2023) - READ  MEM Access, AP 0x00000000, Addr 0xE000EDF0, Val 0x00030003, "DAP Read Memory (32 bit) - Success" - ID 150
19:21:17:305 (03/02/2023) - READ  MEM BLOCK Access, AP 0x00000000, Start Addr 0x200003C4, End Addr 0x200003C5, "DAP Read Memory Block - Success" - ID 151
  Item #0, AP 0, Addr 0x200003C4, Value 0x0000
19:21:17:513 (03/02/2023) - READ  MEM Access, AP 0x00000000, Addr 0xE000EDF0, Val 0x00030003, "DAP Read Memory (32 bit) - Success" - ID 152
19:21:17:553 (03/02/2023) - READ  MEM BLOCK Access, AP 0x00000000, Start Addr 0x08000260, End Addr 0x08000261, "DAP Read Memory Block - Success" - ID 153
  Item #0, AP 0, Addr 0x08000260, Value 0x4806
19:21:17:569 (03/02/2023) - READ  MEM BLOCK Access, AP 0x00000000, Start Addr 0x200003E0, End Addr 0x200003E3, "DAP Read Memory Block - Success" - ID 154
  Item #0, AP 0, Addr 0x200003E0, Value 0x000000C7
19:21:17:573 (03/02/2023) - READ  MEM BLOCK Access, AP 0x00000000, Start Addr 0x20000338, End Addr 0x2000033B, "DAP Read Memory Block - Success" - ID 155
  Item #0, AP 0, Addr 0x20000338, Value 0x00000000
19:21:17:574 (03/02/2023) - READ  MEM BLOCK Access, AP 0x00000000, Start Addr 0x200003BE, End Addr 0x200003BE, "DAP Read Memory Block - Success" - ID 156
  Item #0, AP 0, Addr 0x200003BE, Value 0x00
19:21:17:575 (03/02/2023) - READ  MEM BLOCK Access, AP 0x00000000, Start Addr 0x200003BF, End Addr 0x200003BF, "DAP Read Memory Block - Success" - ID 157
  Item #0, AP 0, Addr 0x200003BF, Value 0x00
19:21:17:576 (03/02/2023) - READ  MEM BLOCK Access, AP 0x00000000, Start Addr 0x2000419C, End Addr 0x200041BB, "DAP Read Memory Block - Success" - ID 158
  Item #0, AP 0, Addr 0x2000419C, Value 0x00000000
  Item #1, AP 0, Addr 0x200041A0, Value 0x00000000
  Item #2, AP 0, Addr 0x200041A4, Value 0x00000000
  Item #3, AP 0, Addr 0x200041A8, Value 0x00000000
  Item #4, AP 0, Addr 0x200041AC, Value 0x00000000
  Item #5, AP 0, Addr 0x200041B0, Value 0x00000000
  Item #6, AP 0, Addr 0x200041B4, Value 0x00000000
  Item #7, AP 0, Addr 0x200041B8, Value 0x00000000
19:21:17:578 (03/02/2023) - READ  MEM BLOCK Access, AP 0x00000000, Start Addr 0x200002ED, End Addr 0x200002ED, "DAP Read Memory Block - Success" - ID 159
  Item #0, AP 0, Addr 0x200002ED, Value 0x00
19:21:17:579 (03/02/2023) - READ  MEM BLOCK Access, AP 0x00000000, Start Addr 0x200003C4, End Addr 0x200003C5, "DAP Read Memory Block - Success" - ID 160
  Item #0, AP 0, Addr 0x200003C4, Value 0x0000
19:21:17:582 (03/02/2023) - READ  MEM BLOCK Access, AP 0x00000000, Start Addr 0x200003E0, End Addr 0x200003E3, "DAP Read Memory Block - Success" - ID 161
  Item #0, AP 0, Addr 0x200003E0, Value 0x000000C7
19:21:17:620 (03/02/2023) - WRITE MEM Access, AP 0x00000000, Addr 0xE0001008, Val 0x00000000, "DAP Write Memory (32 bit) - Success" - ID 162
19:21:17:620 (03/02/2023) - WRITE MEM Access, AP 0x00000000, Addr 0xE000100C, Val 0x00000000, "DAP Write Memory (32 bit) - Success" - ID 163
19:21:17:620 (03/02/2023) - WRITE MEM Access, AP 0x00000000, Addr 0xE0001010, Val 0x00000000, "DAP Write Memory (32 bit) - Success" - ID 164
19:21:17:620 (03/02/2023) - WRITE MEM Access, AP 0x00000000, Addr 0xE0001014, Val 0x00000000, "DAP Write Memory (32 bit) - Success" - ID 165
19:21:17:621 (03/02/2023) - WRITE MEM Access, AP 0x00000000, Addr 0xE0001018, Val 0x00000000, "DAP Write Memory (32 bit) - Success" - ID 166
19:21:17:624 (03/02/2023) - WRITE MEM BLOCK Access, AP 0x00000000, Start Addr 0xE0002000, End Addr 0xE000201F, "DAP Write Memory Block - Success" - ID 167
  Item #0, AP 0, Addr 0xE0002000, Value 0x00000003
  Item #1, AP 0, Addr 0xE0002004, Value 0x00000000
  Item #2, AP 0, Addr 0xE0002008, Value 0x48013601
  Item #3, AP 0, Addr 0xE000200C, Value 0x00000000
  Item #4, AP 0, Addr 0xE0002010, Value 0x00000000
  Item #5, AP 0, Addr 0xE0002014, Value 0x00000000
  Item #6, AP 0, Addr 0xE0002018, Value 0x00000000
  Item #7, AP 0, Addr 0xE000201C, Value 0x00000000
19:21:17:625 (03/02/2023) - WRITE MEM BLOCK Access, AP 0x00000000, Start Addr 0xE0001020, End Addr 0xE000105F, "DAP Write Memory Block - Success" - ID 168
  Item #0, AP 0, Addr 0xE0001020, Value 0x00000000
  Item #1, AP 0, Addr 0xE0001024, Value 0x00000000
  Item #2, AP 0, Addr 0xE0001028, Value 0x00000000
  Item #3, AP 0, Addr 0xE000102C, Value 0x00000000
  Item #4, AP 0, Addr 0xE0001030, Value 0x00000000
  Item #5, AP 0, Addr 0xE0001034, Value 0x00000000
  Item #6, AP 0, Addr 0xE0001038, Value 0x00000000
  Item #7, AP 0, Addr 0xE000103C, Value 0x00000000
  Item #8, AP 0, Addr 0xE0001040, Value 0x00000000
  Item #9, AP 0, Addr 0xE0001044, Value 0x00000000
  Item #10, AP 0, Addr 0xE0001048, Value 0x00000000
  Item #11, AP 0, Addr 0xE000104C, Value 0x00000000
  Item #12, AP 0, Addr 0xE0001050, Value 0x00000000
  Item #13, AP 0, Addr 0xE0001054, Value 0x00000000
  Item #14, AP 0, Addr 0xE0001058, Value 0x00000000
  Item #15, AP 0, Addr 0xE000105C, Value 0x00000000
19:21:17:627 (03/02/2023) - WRITE MEM BLOCK Access, AP 0x00000000, Start Addr 0xE0001020, End Addr 0xE000105F, "DAP Write Memory Block - Success" - ID 169
  Item #0, AP 0, Addr 0xE0001020, Value 0x00000000
  Item #1, AP 0, Addr 0xE0001024, Value 0x00000000
  Item #2, AP 0, Addr 0xE0001028, Value 0x00000000
  Item #3, AP 0, Addr 0xE000102C, Value 0x00000000
  Item #4, AP 0, Addr 0xE0001030, Value 0x00000000
  Item #5, AP 0, Addr 0xE0001034, Value 0x00000000
  Item #6, AP 0, Addr 0xE0001038, Value 0x00000000
  Item #7, AP 0, Addr 0xE000103C, Value 0x00000000
  Item #8, AP 0, Addr 0xE0001040, Value 0x00000000
  Item #9, AP 0, Addr 0xE0001044, Value 0x00000000
  Item #10, AP 0, Addr 0xE0001048, Value 0x00000000
  Item #11, AP 0, Addr 0xE000104C, Value 0x00000000
  Item #12, AP 0, Addr 0xE0001050, Value 0x00000000
  Item #13, AP 0, Addr 0xE0001054, Value 0x00000000
  Item #14, AP 0, Addr 0xE0001058, Value 0x00000000
  Item #15, AP 0, Addr 0xE000105C, Value 0x00000000
19:21:17:627 (03/02/2023) - WRITE MEM Access, AP 0x00000000, Addr 0xE000ED30, Val 0x0000001F, "DAP Write Memory (32 bit) - Success" - ID 170
19:21:17:627 (03/02/2023) - WRITE MEM Access, AP 0x00000000, Addr 0xE000EDF0, Val 0xA05F0001, "DAP Write Memory (32 bit) - Success" - ID 171
19:21:17:628 (03/02/2023) - READ  MEM Access, AP 0x00000000, Addr 0xE000EDF0, Val 0x01010001, "DAP Read Memory (32 bit) - Success" - ID 172
19:21:17:628 (03/02/2023) - READ  MEM Access, AP 0x00000000, Addr 0xE000EDF0, Val 0x01010001, "DAP Read Memory (32 bit) - Success" - ID 173
19:21:17:689 (03/02/2023) - READ  MEM Access, AP 0x00000000, Addr 0xE000EDF0, Val 0x01030003, "DAP Read Memory (32 bit) - Success" - ID 174
19:21:17:754 (03/02/2023) - WRITE MEM BLOCK Access, AP 0x00000000, Start Addr 0xE0002000, End Addr 0xE000201F, "DAP Write Memory Block - Success" - ID 175
  Item #0, AP 0, Addr 0xE0002000, Value 0x00000002
  Item #1, AP 0, Addr 0xE0002004, Value 0x00000000
  Item #2, AP 0, Addr 0xE0002008, Value 0x00000000
  Item #3, AP 0, Addr 0xE000200C, Value 0x00000000
  Item #4, AP 0, Addr 0xE0002010, Value 0x00000000
  Item #5, AP 0, Addr 0xE0002014, Value 0x00000000
  Item #6, AP 0, Addr 0xE0002018, Value 0x00000000
  Item #7, AP 0, Addr 0xE000201C, Value 0x00000000
19:21:17:756 (03/02/2023) - WRITE MEM BLOCK Access, AP 0x00000000, Start Addr 0xE0001020, End Addr 0xE000105F, "DAP Write Memory Block - Success" - ID 176
  Item #0, AP 0, Addr 0xE0001020, Value 0x00000000
  Item #1, AP 0, Addr 0xE0001024, Value 0x00000000
  Item #2, AP 0, Addr 0xE0001028, Value 0x00000000
  Item #3, AP 0, Addr 0xE000102C, Value 0x00000000
  Item #4, AP 0, Addr 0xE0001030, Value 0x00000000
  Item #5, AP 0, Addr 0xE0001034, Value 0x00000000
  Item #6, AP 0, Addr 0xE0001038, Value 0x00000000
  Item #7, AP 0, Addr 0xE000103C, Value 0x00000000
  Item #8, AP 0, Addr 0xE0001040, Value 0x00000000
  Item #9, AP 0, Addr 0xE0001044, Value 0x00000000
  Item #10, AP 0, Addr 0xE0001048, Value 0x00000000
  Item #11, AP 0, Addr 0xE000104C, Value 0x00000000
  Item #12, AP 0, Addr 0xE0001050, Value 0x00000000
  Item #13, AP 0, Addr 0xE0001054, Value 0x00000000
  Item #14, AP 0, Addr 0xE0001058, Value 0x00000000
  Item #15, AP 0, Addr 0xE000105C, Value 0x00000000
19:21:17:757 (03/02/2023) - WRITE MEM BLOCK Access, AP 0x00000000, Start Addr 0xE0001020, End Addr 0xE000105F, "DAP Write Memory Block - Success" - ID 177
  Item #0, AP 0, Addr 0xE0001020, Value 0x00000000
  Item #1, AP 0, Addr 0xE0001024, Value 0x00000000
  Item #2, AP 0, Addr 0xE0001028, Value 0x00000000
  Item #3, AP 0, Addr 0xE000102C, Value 0x00000000
  Item #4, AP 0, Addr 0xE0001030, Value 0x00000000
  Item #5, AP 0, Addr 0xE0001034, Value 0x00000000
  Item #6, AP 0, Addr 0xE0001038, Value 0x00000000
  Item #7, AP 0, Addr 0xE000103C, Value 0x00000000
  Item #8, AP 0, Addr 0xE0001040, Value 0x00000000
  Item #9, AP 0, Addr 0xE0001044, Value 0x00000000
  Item #10, AP 0, Addr 0xE0001048, Value 0x00000000
  Item #11, AP 0, Addr 0xE000104C, Value 0x00000000
  Item #12, AP 0, Addr 0xE0001050, Value 0x00000000
  Item #13, AP 0, Addr 0xE0001054, Value 0x00000000
  Item #14, AP 0, Addr 0xE0001058, Value 0x00000000
  Item #15, AP 0, Addr 0xE000105C, Value 0x00000000
19:21:17:757 (03/02/2023) - READ  MEM Access, AP 0x00000000, Addr 0xE000ED30, Val 0x00000002, "DAP Read Memory (32 bit) - Success" - ID 178
19:21:17:759 (03/02/2023) - READ  MEM Access, AP 0x00000000, Addr 0xE0001028, Val 0x00000000, "DAP Read Memory (32 bit) - Success" - ID 179
19:21:17:759 (03/02/2023) - READ  MEM Access, AP 0x00000000, Addr 0xE0001038, Val 0x00000200, "DAP Read Memory (32 bit) - Success" - ID 180
19:21:17:759 (03/02/2023) - READ  MEM Access, AP 0x00000000, Addr 0xE0001048, Val 0x00000000, "DAP Read Memory (32 bit) - Success" - ID 181
19:21:17:759 (03/02/2023) - READ  MEM Access, AP 0x00000000, Addr 0xE0001058, Val 0x00000000, "DAP Read Memory (32 bit) - Success" - ID 182
19:21:17:769 (03/02/2023) - READ  MEM BLOCK Access, AP 0x00000000, Start Addr 0x20000464, End Addr 0x20000467, "DAP Read Memory Block - Success" - ID 183
  Item #0, AP 0, Addr 0x20000464, Value 0x00000000
19:21:17:771 (03/02/2023) - READ  MEM Access, AP 0x00000000, Addr 0xE0001004, Val 0x000190D3, "DAP Read Memory (32 bit) - Success" - ID 184
19:21:17:773 (03/02/2023) - READ  MEM BLOCK Access, AP 0x00000000, Start Addr 0x200003E0, End Addr 0x200003E3, "DAP Read Memory Block - Success" - ID 185
  Item #0, AP 0, Addr 0x200003E0, Value 0x00000000
19:21:17:785 (03/02/2023) - READ  MEM BLOCK Access, AP 0x00000000, Start Addr 0x20000338, End Addr 0x2000033B, "DAP Read Memory Block - Success" - ID 186
  Item #0, AP 0, Addr 0x20000338, Value 0x00000000
19:21:17:786 (03/02/2023) - READ  MEM BLOCK Access, AP 0x00000000, Start Addr 0x200003BE, End Addr 0x200003BE, "DAP Read Memory Block - Success" - ID 187
  Item #0, AP 0, Addr 0x200003BE, Value 0x00
19:21:17:787 (03/02/2023) - READ  MEM BLOCK Access, AP 0x00000000, Start Addr 0x200003BF, End Addr 0x200003BF, "DAP Read Memory Block - Success" - ID 188
  Item #0, AP 0, Addr 0x200003BF, Value 0x00
19:21:17:789 (03/02/2023) - READ  MEM BLOCK Access, AP 0x00000000, Start Addr 0x2000419C, End Addr 0x200041BB, "DAP Read Memory Block - Success" - ID 189
  Item #0, AP 0, Addr 0x2000419C, Value 0x00000000
  Item #1, AP 0, Addr 0x200041A0, Value 0x00000000
  Item #2, AP 0, Addr 0x200041A4, Value 0x00000000
  Item #3, AP 0, Addr 0x200041A8, Value 0x00000000
  Item #4, AP 0, Addr 0x200041AC, Value 0x00000000
  Item #5, AP 0, Addr 0x200041B0, Value 0x00000000
  Item #6, AP 0, Addr 0x200041B4, Value 0x00000000
  Item #7, AP 0, Addr 0x200041B8, Value 0x00000000
19:21:17:791 (03/02/2023) - READ  MEM BLOCK Access, AP 0x00000000, Start Addr 0x200002ED, End Addr 0x200002ED, "DAP Read Memory Block - Success" - ID 190
  Item #0, AP 0, Addr 0x200002ED, Value 0x00
19:21:17:792 (03/02/2023) - READ  MEM BLOCK Access, AP 0x00000000, Start Addr 0x200003C4, End Addr 0x200003C5, "DAP Read Memory Block - Success" - ID 191
  Item #0, AP 0, Addr 0x200003C4, Value 0x0000
19:21:18:007 (03/02/2023) - READ  MEM Access, AP 0x00000000, Addr 0xE000EDF0, Val 0x00030003, "DAP Read Memory (32 bit) - Success" - ID 192
19:21:18:259 (03/02/2023) - READ  MEM Access, AP 0x00000000, Addr 0xE000EDF0, Val 0x00030003, "DAP Read Memory (32 bit) - Success" - ID 193
19:21:18:524 (03/02/2023) - READ  MEM Access, AP 0x00000000, Addr 0xE000EDF0, Val 0x00030003, "DAP Read Memory (32 bit) - Success" - ID 194
19:21:18:776 (03/02/2023) - READ  MEM Access, AP 0x00000000, Addr 0xE000EDF0, Val 0x00030003, "DAP Read Memory (32 bit) - Success" - ID 195
19:21:19:028 (03/02/2023) - READ  MEM Access, AP 0x00000000, Addr 0xE000EDF0, Val 0x00030003, "DAP Read Memory (32 bit) - Success" - ID 196
19:21:19:279 (03/02/2023) - READ  MEM Access, AP 0x00000000, Addr 0xE000EDF0, Val 0x00030003, "DAP Read Memory (32 bit) - Success" - ID 197
19:21:19:530 (03/02/2023) - READ  MEM Access, AP 0x00000000, Addr 0xE000EDF0, Val 0x00030003, "DAP Read Memory (32 bit) - Success" - ID 198
19:21:19:781 (03/02/2023) - READ  MEM Access, AP 0x00000000, Addr 0xE000EDF0, Val 0x00030003, "DAP Read Memory (32 bit) - Success" - ID 199
19:21:21:043 (03/02/2023) - READ  MEM Access, AP 0x00000000, Addr 0xE000EDF0, Val 0xFFFFFFFF, "DAP Read Memory (32 bit) - FAILED" - ID 200
19:21:22:053 (03/02/2023) - READ  MEM Access, AP 0x00000000, Addr 0xE000EDF0, Val 0xFFFFFFFF, "DAP Read Memory (32 bit) - FAILED" - ID 201
19:21:23:064 (03/02/2023) - READ  AP  Access, AP 0x00000000, Addr 0x00000000, Val 0xFFFFFFFF, "DAP Read AP - FAILED" - ID 202
19:21:24:076 (03/02/2023) - READ  DP  Access, Addr 0x00000004, Val 0xFFFFFFFF, "DAP Read DP - FAILED" - ID 203
19:21:24:615 (03/02/2023) - START SEQUENCE "DebugPortSetup", "default" - ID 55
19:21:25:616 (03/02/2023) - END SEQUENCE "DebugPortSetup", "failed" - ID 56
19:21:25:869 (03/02/2023) - START SEQUENCE "DebugPortSetup", "default" - ID 57
19:21:26:875 (03/02/2023) - END SEQUENCE "DebugPortSetup", "failed" - ID 58
19:21:27:127 (03/02/2023) - START SEQUENCE "DebugPortSetup", "default" - ID 59
19:21:28:136 (03/02/2023) - END SEQUENCE "DebugPortSetup", "failed" - ID 60
19:21:28:388 (03/02/2023) - START SEQUENCE "DebugPortSetup", "default" - ID 61
19:21:29:412 (03/02/2023) - END SEQUENCE "DebugPortSetup", "failed" - ID 62
19:21:29:719 (03/02/2023) - START SEQUENCE "DebugPortSetup", "default" - ID 63
19:21:30:731 (03/02/2023) - END SEQUENCE "DebugPortSetup", "failed" - ID 64
19:21:30:982 (03/02/2023) - START SEQUENCE "DebugPortSetup", "default" - ID 65
19:21:31:991 (03/02/2023) - END SEQUENCE "DebugPortSetup", "failed" - ID 66
19:21:32:244 (03/02/2023) - START SEQUENCE "DebugPortSetup", "default" - ID 67
19:21:33:255 (03/02/2023) - END SEQUENCE "DebugPortSetup", "failed" - ID 68
19:21:33:472 (03/02/2023) - START SEQUENCE "ResetHardwareAssert", "default" - ID 69
19:21:33:507 (03/02/2023) - START SEQUENCE "DebugPortSetup", "default" - ID 70
19:21:34:483 (03/02/2023) - END SEQUENCE "ResetHardwareAssert", "success" - ID 71
19:21:35:494 (03/02/2023) - END SEQUENCE "DebugPortSetup", "failed" - ID 72
19:21:35:759 (03/02/2023) - START SEQUENCE "DebugPortSetup", "default" - ID 73
19:21:36:104 (03/02/2023) - START SEQUENCE "ResetHardwareDeassert", "default" - ID 74
19:21:36:774 (03/02/2023) - END SEQUENCE "DebugPortSetup", "failed" - ID 75
19:21:37:029 (03/02/2023) - START SEQUENCE "DebugPortSetup", "default" - ID 76
19:21:38:793 (03/02/2023) - END SEQUENCE "ResetHardwareDeassert", "success" - ID 77
19:21:38:793 (03/02/2023) - START SEQUENCE "StopTarget", "default" - ID 78
  19:21:39:801 (03/02/2023) - END SEQUENCE "DebugPortSetup", "failed" - ID 79
19:21:40:813 (03/02/2023) - WRITE MEM BLOCK Access, AP 0x00000000, Start Addr 0xE0002000, End Addr 0xE000201F, "DAP Write Memory Block - FAILED" - ID 204
19:21:40:813 (03/02/2023) - START SEQUENCE "_UnInitTrace", "default" - ID 80
19:21:40:813 (03/02/2023) - END SEQUENCE "_UnInitTrace", "success" - ID 81
19:21:40:813 (03/02/2023) - START SEQUENCE "DebugCoreStop", "default" - ID 82
19:21:41:819 (03/02/2023) - WRITE MEM Access, AP 0x00000000, Addr 0xE000EDF0, Val 0xFFFFFFFF, "DAP Write Memory (32 bit) - FAILED" - ID 205
19:21:41:819 (03/02/2023) - END SEQUENCE "DebugCoreStop", "failed" - ID 83
19:21:41:819 (03/02/2023) - START SEQUENCE "DebugPortStop", "default" - ID 84
19:21:42:830 (03/02/2023) - WRITE DP  Access, Addr 0x00000004, Val 0x00000000, "DAP Write DP - Failed" - ID 206
19:21:42:830 (03/02/2023) - END SEQUENCE "DebugPortStop", "failed" - ID 85
19:21:42:830 (03/02/2023) - START SEQUENCE "UnInitDebugger", "default" - ID 86
19:21:44:853 (03/02/2023) - END SEQUENCE "UnInitDebugger", "success" - ID 87
19:21:44:853 (03/02/2023) - START SEQUENCE "_UnInitDriver", "default" - ID 88
19:21:44:853 (03/02/2023) - END SEQUENCE "_UnInitDriver", "success" - ID 89
19:21:44:853 (03/02/2023) - END SEQUENCE "StopTarget", "success" - ID 90
